<?xml version="1.0" encoding="UTF-8"?>
<!-- Generated by org.testng.reporters.JUnitXMLReporter -->
<testsuite hostname="LAPTOP-OFBLMIDL" ignored="0" name="Command line test" tests="3" failures="0" timestamp="2022-03-26T22:14:23 AEDT" time="13.074" errors="0">
  <testcase name="test1" time="0.031" classname="Test.TestNGDemo"/>
  <testcase name="test2" time="0.001" classname="Test.TestNGDemo"/>
  <testcase name="testRun" time="4.019" classname="Test.TestNGDemo"/>
</testsuite> <!-- Command line test -->
